<?xml version="1.0" encoding="UTF-8"?>
<coverage generated="1457733791">
  <project timestamp="1457733791">
    <package name="DBoho\IO">
      <file name="/home/david/www/testsite/simple-database-api/src/DataAccess.php">
        <class name="DataAccess" namespace="DBoho\IO">
          <metrics complexity="37" methods="12" coveredmethods="6" conditionals="0" coveredconditionals="0" statements="108" coveredstatements="76" elements="120" coveredelements="82"/>
        </class>
        <line num="31" type="method" name="__construct" visibility="public" complexity="1" crap="1" count="9"/>
        <line num="32" type="stmt" count="9"/>
        <line num="33" type="stmt" count="9"/>
        <line num="34" type="stmt" count="9"/>
        <line num="41" type="method" name="getAll" visibility="public" complexity="1" crap="1" count="1"/>
        <line num="42" type="stmt" count="1"/>
        <line num="43" type="stmt" count="1"/>
        <line num="44" type="stmt" count="1"/>
        <line num="53" type="method" name="get" visibility="public" complexity="2" crap="2" count="6"/>
        <line num="54" type="stmt" count="6"/>
        <line num="55" type="stmt" count="6"/>
        <line num="57" type="stmt" count="6"/>
        <line num="58" type="stmt" count="6"/>
        <line num="60" type="stmt" count="6"/>
        <line num="61" type="stmt" count="6"/>
        <line num="62" type="stmt" count="6"/>
        <line num="70" type="method" name="add" visibility="public" complexity="6" crap="6.01" count="2"/>
        <line num="71" type="stmt" count="2"/>
        <line num="72" type="stmt" count="0"/>
        <line num="75" type="stmt" count="2"/>
        <line num="76" type="stmt" count="2"/>
        <line num="78" type="stmt" count="2"/>
        <line num="79" type="stmt" count="2"/>
        <line num="80" type="stmt" count="2"/>
        <line num="81" type="stmt" count="2"/>
        <line num="82" type="stmt" count="2"/>
        <line num="83" type="stmt" count="1"/>
        <line num="84" type="stmt" count="1"/>
        <line num="85" type="stmt" count="1"/>
        <line num="86" type="stmt" count="1"/>
        <line num="87" type="stmt" count="1"/>
        <line num="88" type="stmt" count="1"/>
        <line num="89" type="stmt" count="1"/>
        <line num="92" type="stmt" count="2"/>
        <line num="94" type="stmt" count="2"/>
        <line num="103" type="method" name="update" visibility="public" complexity="3" crap="12" count="0"/>
        <line num="106" type="stmt" count="0"/>
        <line num="107" type="stmt" count="0"/>
        <line num="110" type="stmt" count="0"/>
        <line num="111" type="stmt" count="0"/>
        <line num="112" type="stmt" count="0"/>
        <line num="113" type="stmt" count="0"/>
        <line num="115" type="stmt" count="0"/>
        <line num="116" type="stmt" count="0"/>
        <line num="118" type="stmt" count="0"/>
        <line num="119" type="stmt" count="0"/>
        <line num="121" type="stmt" count="0"/>
        <line num="123" type="stmt" count="0"/>
        <line num="124" type="stmt" count="0"/>
        <line num="125" type="stmt" count="0"/>
        <line num="134" type="method" name="delete" visibility="public" complexity="2" crap="6" count="0"/>
        <line num="135" type="stmt" count="0"/>
        <line num="137" type="stmt" count="0"/>
        <line num="139" type="stmt" count="0"/>
        <line num="141" type="stmt" count="0"/>
        <line num="143" type="stmt" count="0"/>
        <line num="146" type="method" name="quoteIdentifiers" visibility="public" complexity="3" crap="3" count="8"/>
        <line num="147" type="stmt" count="8"/>
        <line num="148" type="stmt" count="6"/>
        <line num="149" type="stmt" count="5"/>
        <line num="150" type="stmt" count="6"/>
        <line num="151" type="stmt" count="6"/>
        <line num="153" type="stmt" count="8"/>
        <line num="161" type="method" name="createOrderByStatement" visibility="public" complexity="4" crap="5.02" count="1"/>
        <line num="162" type="stmt" count="1"/>
        <line num="163" type="stmt" count="1"/>
        <line num="164" type="stmt" count="0"/>
        <line num="166" type="stmt" count="1"/>
        <line num="167" type="stmt" count="1"/>
        <line num="168" type="stmt" count="0"/>
        <line num="169" type="stmt" count="0"/>
        <line num="170" type="stmt" count="0"/>
        <line num="171" type="stmt" count="1"/>
        <line num="172" type="stmt" count="1"/>
        <line num="175" type="method" name="filter" visibility="private" complexity="5" crap="6.10" count="7"/>
        <line num="176" type="stmt" count="7"/>
        <line num="177" type="stmt" count="7"/>
        <line num="178" type="stmt" count="7"/>
        <line num="179" type="stmt" count="7"/>
        <line num="180" type="stmt" count="7"/>
        <line num="181" type="stmt" count="7"/>
        <line num="182" type="stmt" count="0"/>
        <line num="183" type="stmt" count="0"/>
        <line num="184" type="stmt" count="0"/>
        <line num="185" type="stmt" count="0"/>
        <line num="186" type="stmt" count="0"/>
        <line num="189" type="stmt" count="7"/>
        <line num="190" type="stmt" count="7"/>
        <line num="191" type="stmt" count="7"/>
        <line num="192" type="stmt" count="7"/>
        <line num="193" type="stmt" count="7"/>
        <line num="195" type="stmt" count="0"/>
        <line num="198" type="method" name="run" visibility="public" complexity="4" crap="4.18" count="7"/>
        <line num="199" type="stmt" count="7"/>
        <line num="200" type="stmt" count="7"/>
        <line num="201" type="stmt" count="7"/>
        <line num="202" type="stmt" count="7"/>
        <line num="203" type="stmt" count="7"/>
        <line num="204" type="stmt" count="2"/>
        <line num="205" type="stmt" count="2"/>
        <line num="207" type="stmt" count="0"/>
        <line num="209" type="stmt" count="0"/>
        <line num="218" type="method" name="implodeBindFields" visibility="protected" complexity="4" crap="4" count="6"/>
        <line num="219" type="stmt" count="6"/>
        <line num="220" type="stmt" count="1"/>
        <line num="222" type="stmt" count="5"/>
        <line num="223" type="stmt" count="5"/>
        <line num="224" type="stmt" count="5"/>
        <line num="225" type="stmt" count="5"/>
        <line num="226" type="stmt" count="5"/>
        <line num="227" type="stmt" count="5"/>
        <line num="228" type="stmt" count="1"/>
        <line num="230" type="stmt" count="5"/>
        <line num="231" type="stmt" count="5"/>
        <line num="232" type="stmt" count="5"/>
        <line num="242" type="method" name="bindValues" visibility="protected" complexity="2" crap="2" count="6"/>
        <line num="243" type="stmt" count="6"/>
        <line num="244" type="stmt" count="5"/>
        <line num="245" type="stmt" count="6"/>
        <line num="246" type="stmt" count="6"/>
        <metrics loc="248" ncloc="181" classes="1" methods="12" coveredmethods="6" conditionals="0" coveredconditionals="0" statements="108" coveredstatements="76" elements="120" coveredelements="82"/>
      </file>
    </package>
    <metrics files="1" loc="248" ncloc="181" classes="1" methods="12" coveredmethods="6" conditionals="0" coveredconditionals="0" statements="108" coveredstatements="76" elements="120" coveredelements="82"/>
  </project>
</coverage>
