<?xml version="1.0" encoding="UTF-8"?>
<coverage generated="1458084303">
  <project timestamp="1458084303">
    <package name="DBoho\IO">
      <file name="/home/david/www/testsite/simple-database-api/src/DataAccess.php">
        <class name="DataAccess" namespace="DBoho\IO">
          <metrics methods="12" coveredmethods="12" conditionals="0" coveredconditionals="0" statements="114" coveredstatements="114" elements="126" coveredelements="126"/>
        </class>
        <line num="21" type="method" name="__construct" crap="1" count="27"/>
        <line num="23" type="stmt" count="27"/>
        <line num="24" type="stmt" count="27"/>
        <line num="25" type="stmt" count="27"/>
        <line num="41" type="method" name="select" crap="4" count="16"/>
        <line num="43" type="stmt" count="16"/>
        <line num="44" type="stmt" count="16"/>
        <line num="45" type="stmt" count="16"/>
        <line num="47" type="stmt" count="16"/>
        <line num="48" type="stmt" count="16"/>
        <line num="50" type="stmt" count="16"/>
        <line num="51" type="stmt" count="16"/>
        <line num="53" type="stmt" count="16"/>
        <line num="55" type="stmt" count="16"/>
        <line num="56" type="stmt" count="16"/>
        <line num="57" type="stmt" count="16"/>
        <line num="68" type="method" name="insert" crap="6" count="3"/>
        <line num="70" type="stmt" count="3"/>
        <line num="71" type="stmt" count="1"/>
        <line num="74" type="stmt" count="2"/>
        <line num="75" type="stmt" count="2"/>
        <line num="77" type="stmt" count="2"/>
        <line num="78" type="stmt" count="2"/>
        <line num="79" type="stmt" count="2"/>
        <line num="80" type="stmt" count="2"/>
        <line num="81" type="stmt" count="2"/>
        <line num="82" type="stmt" count="1"/>
        <line num="83" type="stmt" count="1"/>
        <line num="84" type="stmt" count="1"/>
        <line num="85" type="stmt" count="1"/>
        <line num="86" type="stmt" count="1"/>
        <line num="87" type="stmt" count="1"/>
        <line num="88" type="stmt" count="1"/>
        <line num="91" type="stmt" count="2"/>
        <line num="92" type="stmt" count="2"/>
        <line num="94" type="stmt" count="2"/>
        <line num="108" type="method" name="update" crap="3" count="3"/>
        <line num="110" type="stmt" count="3"/>
        <line num="111" type="stmt" count="1"/>
        <line num="114" type="stmt" count="2"/>
        <line num="115" type="stmt" count="2"/>
        <line num="116" type="stmt" count="2"/>
        <line num="117" type="stmt" count="2"/>
        <line num="119" type="stmt" count="2"/>
        <line num="120" type="stmt" count="2"/>
        <line num="121" type="stmt" count="2"/>
        <line num="122" type="stmt" count="2"/>
        <line num="124" type="stmt" count="2"/>
        <line num="126" type="stmt" count="2"/>
        <line num="127" type="stmt" count="2"/>
        <line num="128" type="stmt" count="2"/>
        <line num="141" type="method" name="delete" crap="2" count="3"/>
        <line num="143" type="stmt" count="3"/>
        <line num="144" type="stmt" count="3"/>
        <line num="145" type="stmt" count="3"/>
        <line num="146" type="stmt" count="3"/>
        <line num="148" type="stmt" count="3"/>
        <line num="149" type="stmt" count="3"/>
        <line num="150" type="stmt" count="3"/>
        <line num="159" type="method" name="quoteIdentifiers" crap="3" count="22"/>
        <line num="161" type="stmt" count="22"/>
        <line num="162" type="stmt" count="16"/>
        <line num="163" type="stmt" count="13"/>
        <line num="164" type="stmt" count="16"/>
        <line num="165" type="stmt" count="16"/>
        <line num="167" type="stmt" count="22"/>
        <line num="180" type="method" name="createOrderByStatement" crap="3" count="19"/>
        <line num="182" type="stmt" count="19"/>
        <line num="183" type="stmt" count="15"/>
        <line num="185" type="stmt" count="4"/>
        <line num="186" type="stmt" count="4"/>
        <line num="187" type="stmt" count="2"/>
        <line num="188" type="stmt" count="2"/>
        <line num="189" type="stmt" count="2"/>
        <line num="190" type="stmt" count="4"/>
        <line num="191" type="stmt" count="4"/>
        <line num="203" type="method" name="filterKeys" crap="1" count="19"/>
        <line num="205" type="stmt" count="19"/>
        <line num="206" type="stmt" count="19"/>
        <line num="225" type="method" name="run" crap="4" count="23"/>
        <line num="227" type="stmt" count="23"/>
        <line num="228" type="stmt" count="23"/>
        <line num="229" type="stmt" count="23"/>
        <line num="230" type="stmt" count="22"/>
        <line num="231" type="stmt" count="21"/>
        <line num="232" type="stmt" count="8"/>
        <line num="233" type="stmt" count="7"/>
        <line num="235" type="stmt" count="1"/>
        <line num="238" type="stmt" count="1"/>
        <line num="250" type="method" name="filter" crap="5" count="21"/>
        <line num="252" type="stmt" count="21"/>
        <line num="253" type="stmt" count="21"/>
        <line num="254" type="stmt" count="21"/>
        <line num="255" type="stmt" count="19"/>
        <line num="256" type="stmt" count="19"/>
        <line num="257" type="stmt" count="21"/>
        <line num="258" type="stmt" count="1"/>
        <line num="259" type="stmt" count="1"/>
        <line num="260" type="stmt" count="1"/>
        <line num="261" type="stmt" count="1"/>
        <line num="262" type="stmt" count="1"/>
        <line num="265" type="stmt" count="21"/>
        <line num="266" type="stmt" count="19"/>
        <line num="267" type="stmt" count="19"/>
        <line num="268" type="stmt" count="19"/>
        <line num="269" type="stmt" count="19"/>
        <line num="270" type="stmt" count="19"/>
        <line num="272" type="stmt" count="2"/>
        <line num="284" type="method" name="implodeBindFields" crap="4" count="16"/>
        <line num="286" type="stmt" count="16"/>
        <line num="287" type="stmt" count="10"/>
        <line num="289" type="stmt" count="9"/>
        <line num="290" type="stmt" count="9"/>
        <line num="291" type="stmt" count="9"/>
        <line num="292" type="stmt" count="9"/>
        <line num="293" type="stmt" count="9"/>
        <line num="294" type="stmt" count="9"/>
        <line num="295" type="stmt" count="3"/>
        <line num="297" type="stmt" count="9"/>
        <line num="298" type="stmt" count="9"/>
        <line num="299" type="stmt" count="9"/>
        <line num="313" type="method" name="bindValues" crap="2" count="16"/>
        <line num="315" type="stmt" count="16"/>
        <line num="316" type="stmt" count="9"/>
        <line num="317" type="stmt" count="16"/>
        <line num="318" type="stmt" count="16"/>
        <metrics loc="320" ncloc="196" classes="1" methods="12" coveredmethods="12" conditionals="0" coveredconditionals="0" statements="114" coveredstatements="114" elements="126" coveredelements="126"/>
      </file>
    </package>
    <metrics files="1" loc="320" ncloc="196" classes="1" methods="12" coveredmethods="12" conditionals="0" coveredconditionals="0" statements="114" coveredstatements="114" elements="126" coveredelements="126"/>
  </project>
</coverage>
